[www.lazaldivar.com/index.html]
[backblue.gif]
[fade.gif]
[index.html]
[www.lazaldivar.com/uploads/1/0/9/9/109930177/published/img-9204fdd9.jpg]
[cdn2.editmysite.com/css/sites8265.css]
[cdn2.editmysite.com/css/old/fancybox81dc.css]
[cdn2.editmysite.com/css/social-icons4315.css]
[cdn2.editmysite.com/fonts/Josefin_Sans/fontc81e.css]
[cdn2.editmysite.com/fonts/Montserrat/fontc81e.css]
[www.lazaldivar.com/files/main_style2865.css]
[cdn2.editmysite.com/fonts/Lora/fontc81e.css]
[www.lazaldivar.com/files/templateArtifacts2865.js]
[cdn2.editmysite.com/js/jquery-1.8.3.min.js]
[www.google.com/recaptcha/api.js]
[cdn2.editmysite.com/js/lang/en/stlaf0d.js]
[cdn2.editmysite.com/js/lang/en/stl8a7b.js]
[www.lazaldivar.com/research.html]
[www.lazaldivar.com/teaching.html]
[www.lazaldivar.com/cv.html]
[cdn2.editmysite.com/js/site/main8265.js]
[www.lazaldivar.com/personal.html]
[www.lazaldivar.com/sites-of-interest.html]
[www.lazaldivar.com/cdn-cgi/l/email-protection]
[www.lazaldivar.com/notes.html]
[www.lazaldivar.com/cdn-cgi/scripts/5c5dd728/cloudflare-static/email-decode.min.js]
[www.lazaldivar.com/files/theme/pluginsaef6.js]
[www.lazaldivar.com/files/theme/customaef6.js]
[www.lazaldivar.com/index.html]
[cdn2.editmysite.com/images/util/videojs/white-bar.png]
[cdn2.editmysite.com/images/util/videojs/@2x/white-bar.png]
[cdn2.editmysite.com/images/util/videojs/gradient.png]
[cdn2.editmysite.com/images/util/videojs/@2x/gradient.png]
[cdn2.editmysite.com/sprites/util/videojs-sacae758aa2.png]
[cdn2.editmysite.com/sprites/util/videojs/@2x-s2aff7e7d9a.png]
[cdn2.editmysite.com/images/util/videojs/volume-filled.png]
[cdn2.editmysite.com/images/util/videojs/@2x/volume-filled.png]
[cdn3.editmysite.com/app/website/static/js/wsnbn/snowday262.js]
[cdn2.editmysite.com/images/util/videojs/volume-mute.png]
[cdn2.editmysite.com/images/util/videojs/@2x/volume-mute.png]
[cdn2.editmysite.com/images/util/videojs/blue-bar.png]
[cdn2.editmysite.com/images/util/videojs/@2x/blue-bar.png]
[cdn2.editmysite.com/images/util/videojs/maximize-icon.png]
[cdn2.editmysite.com/images/util/videojs/@2x/maximize-icon.png]
[cdn2.editmysite.com/images/util/videojs/minimize-icon.png]
[cdn2.editmysite.com/images/util/videojs/@2x/minimize-icon.png]
[cdn2.editmysite.com/images/util/videojs/play-icon.png]
[cdn2.editmysite.com/images/util/videojs/@2x/play-icon.png]
[cdn2.editmysite.com/images/util/videojs/sad-face.png]
[cdn2.editmysite.com/images/util/videojs/@2x/sad-face.png]
[cdn2.editmysite.com/images/util/videojs/loading-icon.png]
[cdn2.editmysite.com/images/util/videojs/@2x/loading-icon.png]
[cdn2.editmysite.com/images/common/buttons/small_grey.png]
[cdn2.editmysite.com/images/common/buttons/small_blue.png]
[cdn2.editmysite.com/images/old/button/large_grey.png]
[cdn2.editmysite.com/images/common/buttons/large_blue.png]
[cdn2.editmysite.com/images/common/search-light.png]
[cdn2.editmysite.com/images/common/social_icons.png]
[cdn2.editmysite.com/images/common/blog/blog-comment-button.png]
[cdn2.editmysite.com/images/common/blog/blog-comment-header.png]
[cdn2.editmysite.com/images/common/blog/blog-comment-pointer.png]
[cdn2.editmysite.com/images/common/blog/blog-comment-link.png]
[cdn2.editmysite.com/images/common/blog/blog-comment-header-author.png]
[cdn2.editmysite.com/images/common/blog/blog-comment-pointer-author.png]
[cdn2.editmysite.com/images/common/blog/blog-comment-field-bg.png]
[cdn2.editmysite.com/js/site/main-customer-accounts-site8265.js]
[cdn2.editmysite.com/images/common/blog/dark-blog-comment-header.png]
[cdn2.editmysite.com/images/common/blog/dark-blog-comment-pointer.png]
[cdn2.editmysite.com/images/common/blog/dark-blog-comment-header-author.png]
[cdn2.editmysite.com/images/common/blog/dark-blog-comment-pointer-author.png]
[cdn2.editmysite.com/images/common/blog/dark-blog-comment-link.png]
[cdn2.editmysite.com/images/util/general/blank.gif]
[cdn2.editmysite.com/images/common/lightbox/prevlabel.gif]
[cdn2.editmysite.com/images/common/lightbox/nextlabel.gif]
[cdn2.editmysite.com/sprites/util/inputs/checkmarkBox-s7868418152.png]
[cdn2.editmysite.com/sprites/util/inputs/checkmarkBox/@2x-s211a47d318.png]
[cdn2.editmysite.com/images/util/inputs/search-input-bg.jpg]
[cdn2.editmysite.com/images/common/magnifying-glass.png]
[cdn2.editmysite.com/images/common/checkmarks/checkmark-mini.png]
[cdn2.editmysite.com/images/common/checkmarks/@2x/checkmark-mini.png]
[cdn2.editmysite.com/images/common/search-pagination-bg.png]
[cdn2.editmysite.com/images/util/general/top-triangle-000.png]
[cdn2.editmysite.com/images/util/general/bottom-triangle-000.png]
[cdn2.editmysite.com/images/util/general/top-triangle-000@2x.png]
[cdn2.editmysite.com/images/util/general/bottom-triangle-000@2x.png]
[cdn2.editmysite.com/sprites/common/social-icons-s5ea5500bdb.png]
[cdn2.editmysite.com/sprites/common/social-icons/@2x-s0ae7d70c70.png]
[cdn2.editmysite.com/sprites/site/mini-cart-s86c48effae.png]
[cdn2.editmysite.com/sprites/site/mini-cart/@2x-s576cbc3f90.png]
[cdn2.editmysite.com/images/loading.gif]
[cdn2.editmysite.com/sprites/site/mobile/commerce-sdf6d4e852c.png]
[cdn2.editmysite.com/sprites/site/mobile/commerce/@2x-s82f968c453.png]
[cdn2.editmysite.com/images/site/checkout/paypal.png]
[cdn2.editmysite.com/images/site/checkout/@2x/paypal.png]
[cdn2.editmysite.com/images/site/checkout/credit-cards.png]
[cdn2.editmysite.com/images/site/checkout/@2x/credit-cards.png]
[cdn2.editmysite.com/images/site/checkout/print.png]
[cdn2.editmysite.com/images/site/checkout/print@2x.png]
[cdn2.editmysite.com/images/vendor/select2/select2.png]
[cdn2.editmysite.com/images/vendor/select2/select2-spinner.gif]
[cdn2.editmysite.com/images/vendor/select2/select2x2.png]
[cdn2.editmysite.com/images/util/spinner/spinner-dark.png]
[cdn2.editmysite.com/images/util/spinner/spinner-light.png]
[cdn2.editmysite.com/images/util/loading-white-w24.gif]
[cdn2.editmysite.com/images/common/form_input_bg.gif]
[cdn2.editmysite.com/sprites/site/forms-s3786257308.png]
[cdn2.editmysite.com/sprites/site/forms/@2x-s47607b315a.png]
[cdn2.editmysite.com/images/blank.gif]
[cdn2.editmysite.com/images/old/photoswipe/loader.gif]
[cdn2.editmysite.com/images/old/photoswipe/error.gif]
[cdn2.editmysite.com/images/old/photoswipe/icons.png]
[cdn2.editmysite.com/images/old/photoswipe/icons@2x.png]
[cdn2.editmysite.com/css/sites8265.css]
[cdn2.editmysite.com/images/old/fancybox/fancybox_sprite.png]
[cdn2.editmysite.com/images/old/fancybox/fancybox_loading.gif]
[cdn2.editmysite.com/images/old/fancybox/blank.gif]
[cdn2.editmysite.com/images/old/fancybox/fancybox_overlay.png]
[cdn2.editmysite.com/css/old/fancybox81dc.css]
[cdn2.editmysite.com/css/social-icons4315.css]
[www.lazaldivar.com/files/theme/images/default-bg2865.jpg]
[www.lazaldivar.com/files/theme/images/select-dropdown2865.png]
[www.lazaldivar.com/files/main_style2865.css]
[cdn2.editmysite.com/fonts/Josefin_Sans/light.woff2]
[cdn2.editmysite.com/fonts/Josefin_Sans/light.eot]
[cdn2.editmysite.com/fonts/Josefin_Sans/light.woff]
[cdn2.editmysite.com/fonts/Josefin_Sans/lightd41d.eot]
[cdn2.editmysite.com/fonts/Josefin_Sans/regular.woff2]
[cdn2.editmysite.com/fonts/Josefin_Sans/light.ttf]
[cdn2.editmysite.com/fonts/Josefin_Sans/regular.woff]
[cdn2.editmysite.com/fonts/Josefin_Sans/regular.eot]
[cdn2.editmysite.com/fonts/Josefin_Sans/regulard41d.eot]
[cdn2.editmysite.com/fonts/Josefin_Sans/regular.ttf]
[cdn2.editmysite.com/fonts/Josefin_Sans/bold.woff2]
[cdn2.editmysite.com/fonts/Josefin_Sans/bold.woff]
[cdn2.editmysite.com/fonts/Josefin_Sans/bold.eot]
[cdn2.editmysite.com/fonts/Josefin_Sans/bold.ttf]
[cdn2.editmysite.com/fonts/Josefin_Sans/boldd41d.eot]
[cdn2.editmysite.com/fonts/Josefin_Sans/lightitalic.woff2]
[cdn2.editmysite.com/fonts/Josefin_Sans/lightitalic.eot]
[cdn2.editmysite.com/fonts/Josefin_Sans/lightitalic.woff]
[cdn2.editmysite.com/fonts/Josefin_Sans/lightitalicd41d.eot]
[cdn2.editmysite.com/fonts/Josefin_Sans/italic.woff2]
[cdn2.editmysite.com/fonts/Josefin_Sans/lightitalic.ttf]
[cdn2.editmysite.com/fonts/Josefin_Sans/italic.eot]
[cdn2.editmysite.com/fonts/Josefin_Sans/italic.woff]
[cdn2.editmysite.com/fonts/Josefin_Sans/italicd41d.eot]
[cdn2.editmysite.com/fonts/Josefin_Sans/bolditalic.woff2]
[cdn2.editmysite.com/fonts/Josefin_Sans/italic.ttf]
[cdn2.editmysite.com/fonts/Josefin_Sans/bolditalic.woff]
[cdn2.editmysite.com/fonts/Josefin_Sans/bolditalic.eot]
[cdn2.editmysite.com/fonts/Josefin_Sans/fontc81e.css]
[cdn2.editmysite.com/fonts/Josefin_Sans/bolditalicd41d.eot]
[cdn2.editmysite.com/fonts/Josefin_Sans/bolditalic.ttf]
[cdn2.editmysite.com/fonts/Montserrat/regular.woff2]
[cdn2.editmysite.com/fonts/Montserrat/regular.eot]
[cdn2.editmysite.com/fonts/Montserrat/regular.woff]
[cdn2.editmysite.com/fonts/Montserrat/regulard41d.eot]
[cdn2.editmysite.com/fonts/Montserrat/bold.woff2]
[cdn2.editmysite.com/fonts/Montserrat/regular.ttf]
[cdn2.editmysite.com/fonts/Montserrat/bold.eot]
[cdn2.editmysite.com/fonts/Montserrat/bold.woff]
[cdn2.editmysite.com/fonts/Montserrat/fontc81e.css]
[cdn2.editmysite.com/fonts/Montserrat/boldd41d.eot]
[cdn2.editmysite.com/fonts/Lora/regular.woff2]
[cdn2.editmysite.com/fonts/Montserrat/bold.ttf]
[cdn2.editmysite.com/fonts/Lora/regular.woff]
[cdn2.editmysite.com/fonts/Lora/regular.eot]
[cdn2.editmysite.com/fonts/Lora/regulard41d.eot]
[cdn2.editmysite.com/fonts/Lora/regular.ttf]
[cdn2.editmysite.com/fonts/Lora/bold.woff2]
[cdn2.editmysite.com/fonts/Lora/bold.eot]
[cdn2.editmysite.com/fonts/Lora/bold.woff]
[cdn2.editmysite.com/fonts/Lora/boldd41d.eot]
[cdn2.editmysite.com/fonts/Lora/italic.woff2]
[cdn2.editmysite.com/fonts/Lora/bold.ttf]
[cdn2.editmysite.com/fonts/Lora/italic.woff]
[cdn2.editmysite.com/fonts/Lora/italic.eot]
[cdn2.editmysite.com/fonts/Lora/italicd41d.eot]
[cdn2.editmysite.com/fonts/Lora/bolditalic.woff2]
[cdn2.editmysite.com/fonts/Lora/italic.ttf]
[cdn2.editmysite.com/fonts/Lora/bolditalic.eot]
[cdn2.editmysite.com/fonts/Lora/bolditalic.woff]
[cdn2.editmysite.com/fonts/Lora/bolditalicd41d.eot]
[cdn2.editmysite.com/fonts/Lora/fontc81e.css]
[www.lazaldivar.com/files/templateArtifacts2865.js]
[cdn2.editmysite.com/images/site/footer/og-image-placeholder-blank.png]
[cdn2.editmysite.com/css/sites9848.css]
[cdn2.editmysite.com/fonts/Lora/bolditalic.ttf]
[www.lazaldivar.com/_/uploads/1/0/9/9/109930177/background-images/1491452866.a6.delayed]
[cdn2.editmysite.com/js/lang/en/stl87d9.js]
[www.lazaldivar.com/research.html]
[www.lazaldivar.com/_/cdn2.editmysite.com/images/editor/theme-background/stock/7110501627_65d68d4b95_b.a8.delayed]
[www.lazaldivar.com/teaching.html]
[www.lazaldivar.com/uploads/1/0/9/9/109930177/cv_ang.pdf]
[cdn2.editmysite.com/js/site/main9848.js]
[www.lazaldivar.com/cv.html]
[www.lazaldivar.com/uploads/1/0/9/9/109930177/20180409-200324_orig.jpg]
[cdn2.editmysite.com/js/site/main-customer-accounts-site9848.js]
[www.lazaldivar.com/uploads/1/0/9/9/109930177/20180427-210347_orig.jpg]
[www.lazaldivar.com/uploads/1/0/9/9/109930177/20180409-201125_orig.jpg]
[www.lazaldivar.com/uploads/1/0/9/9/109930177/20170524-181333_orig.jpg]
[www.lazaldivar.com/uploads/1/0/9/9/109930177/img-20171024-wa0003_orig.jpg]
[www.lazaldivar.com/uploads/1/0/9/9/109930177/img-1228_orig.jpg]
[cdn2.editmysite.com/css/sitescf0e.css]
[www.lazaldivar.com/personal.html]
[www.lazaldivar.com/sites-of-interest.html]
[www.lazaldivar.com/uploads/1/0/9/9/109930177/teoriasdetorsion.pdf]
[cdn2.editmysite.com/js/lang/en/stl90a5.js]
[www.lazaldivar.com/uploads/1/0/9/9/109930177/localizacionaquelarre.pdf]
[cdn2.editmysite.com/js/site/maincf0e.js]
[www.lazaldivar.com/uploads/1/0/9/9/109930177/notes.pdf]
[cdn2.editmysite.com/js/site/main-customer-accounts-sitecf0e.js]
[www.lazaldivar.com/notes.html]
[www.lazaldivar.com/cdn-cgi/l/email-protection.html]
[cdn2.editmysite.com/css/sites9848.css]
[www.lazaldivar.com/_/uploads/1/0/9/9/109930177/background-images/1491452866.html]
[www.lazaldivar.com/_/cdn2.editmysite.com/images/editor/theme-background/stock/7110501627_65d68d4b95_b.html]
[cdn2.editmysite.com/css/sitescf0e.css]
